[1:06:08.236 PM] Logger initialized. Log file: /Users/Jaden/Downloads/lightstrip/LumiSync/debug.log
[1:06:08.238 PM] Connecting to /dev/cu.usbserial-1140 at 115200
[1:06:08.242 PM] Connected to /dev/cu.usbserial-1140 with baud rate 115200
[1:06:09.844 PM] Device connected: SK0127,<"--(
[1:06:09.845 PM] Starting mode: Manual
[1:06:23.001 PM] Write error: 6
[1:06:23.001 PM] Closing serial port
[1:06:23.002 PM] Serial port disconnected unexpectedly
[1:06:23.002 PM] Stopping
[1:06:36.436 PM] Connecting to /dev/cu.usbserial-1140 at 115200
[1:06:36.443 PM] Connected to /dev/cu.usbserial-1140 with baud rate 115200
[1:06:38.046 PM] Starting mode: Manual
[1:06:38.248 PM] Write error: 6
[1:06:38.248 PM] Closing serial port
[1:06:38.248 PM] Serial port disconnected unexpectedly
[1:06:38.248 PM] Stopping
[1:06:42.684 PM] Connecting to /dev/cu.usbserial-1140 at 115200
[1:06:42.685 PM] Error opening port /dev/cu.usbserial-1140: 2
[1:06:42.685 PM] Connection Failed
[1:06:46.203 PM] Connecting to /dev/cu.usbserial-1140 at 115200
[1:06:46.211 PM] Connected to /dev/cu.usbserial-1140 with baud rate 115200
[1:06:47.813 PM] Device connected: SK0127,<"--(
[1:06:47.814 PM] Starting mode: Manual
[1:08:04.453 PM] Stopping
